<?xml version="1.0" encoding="UTF-8"?>
<!-- Generated by org.testng.reporters.JUnitReportReporter -->
<testsuite hostname="LAPTOP-9MH248FJ" name="org.main.MainClass" tests="2" failures="0" timestamp="5 Apr 2021 08:18:29 GMT" time="64.071" errors="0">
  <testcase name="Login" time="28.619" classname="org.main.MainClass"/>
  <testcase name="details" time="35.452" classname="org.main.MainClass"/>
</testsuite> <!-- org.main.MainClass -->
